datetime=2026-01-08 19:46:04.712
                txId=TX1767881764657
                level=TRACE
                message={"origin":"remote","type":"request","correlation":"d73a20d9d1ced3e9","protocol":"HTTP/1.1","remote":"0:0:0:0:0:0:0:1","method":"POST","uri":"http://localhost:8080/users/rank/UID1767611792596","host":"localhost","path":"/users/rank/UID1767611792596","scheme":"http","port":"8080","headers":{"accept":["*/*"],"accept-encoding":["gzip, deflate, br"],"authorization":["XXX"],"connection":["keep-alive"],"content-length":["0"],"host":["localhost:8080"],"postman-token":["e803b82e-4e0b-46c1-af29-2466451751da"],"user-agent":["PostmanRuntime/7.51.0"]}}

datetime=2026-01-08 19:46:04.770
                txId=TX1767881764657
                level=INFO 
                message=event=USER_REQ userId=UID1767611792596

datetime=2026-01-08 19:46:04.890
                txId=TX1767881764657
                level=INFO 
                message=event=OUTGOING_CALL target=RANK_SERVICE method=POST city=Mumbai

datetime=2026-01-08 19:46:05.318
                txId=TX1767881764657
                level=INFO 
                message=event=INCOMING_RESPONSE target=RANK_SERVICE status=SUCCESS durationMs=428 rank=GOLD

datetime=2026-01-08 19:46:05.344
                txId=TX1767881764657
                level=TRACE
                message={"origin":"local","type":"response","correlation":"d73a20d9d1ced3e9","duration":668,"protocol":"HTTP/1.1","status":200,"headers":{"Connection":["keep-alive"],"Content-Type":["application/json"],"Date":["Thu, 08 Jan 2026 14:16:05 GMT"],"Keep-Alive":["timeout=60"],"Transfer-Encoding":["chunked"],"Vary":["Origin","Access-Control-Request-Method","Access-Control-Request-Headers"],"X-TX-ID":["TX1767881764657"]},"body":{"userId":"UID1767611792596","rank":"GOLD"}}

