
15:19:48.481 | TX151948481 | INFO  | USER_REQ | userId=UID1767611792596
15:19:48.694 | TX151948481 | INFO  | USER_TO_RANK | city=Mumbai
15:19:49.050 | TX151948481 | INFO  | RANK_TO_USER | rank=GOLD
15:19:49.051 | TX151948481 | INFO  | USER_RESPONSE | status=SUCCESS
15:21:00.178 | TX152100178 | INFO  | USER_REQ | userId=UID1767611792596
15:21:00.401 | TX152100178 | INFO  | USER_TO_RANK | city=Mumbai
15:21:00.665 | TX152100178 | INFO  | RANK_TO_USER | rank=GOLD
15:21:00.665 | TX152100178 | INFO  | USER_RESPONSE | status=SUCCESS
16:19:38.670 | TX161938670 | INFO  | USER_REQ | userId=UID1767611792596
16:19:38.715 | TX161938670 | INFO  | USER_TO_RANK | city=Mumbai
16:19:39.340 | TX161938670 | INFO  | RANK_TO_USER | rank=GOLD
16:19:39.340 | TX161938670 | INFO  | USER_RESPONSE | status=SUCCESS
17:38:59.695 | TX173859683 | INFO  | USER_REQ | userId=UID1767611792596
17:38:59.856 | TX173859683 | INFO  | USER_TO_RANK | city=Mumbai
17:39:00.778 | TX173859683 | INFO  | RANK_TO_USER | rank=GOLD
17:39:00.778 | TX173859683 | INFO  | USER_RESPONSE | status=SUCCESS
2026-01-07 17:39:43.253 | TX173943253 | INFO  | USER_REQ | userId=UID1767611792596
2026-01-07 17:39:43.456 | TX173943253 | INFO  | USER_TO_RANK | city=Mumbai
2026-01-07 17:39:43.703 | TX173943253 | INFO  | RANK_TO_USER | rank=GOLD
2026-01-07 17:39:43.704 | TX173943253 | INFO  | USER_RESPONSE | status=SUCCESS
2026-01-07 18:35:32.049 | TX183532035 | INFO  | USER_REQ | userId=UID1767611792596
2026-01-07 18:35:32.442 | TX183532035 | INFO  | USER_TO_RANK | city=Mumbai
2026-01-07 18:35:33.190 | TX183532035 | INFO  | RANK_TO_USER | rank=GOLD
2026-01-07 18:35:33.191 | TX183532035 | INFO  | USER_RESPONSE | status=SUCCESS
